<?xml version="1.0" encoding="UTF-8"?>
<!-- Generated by org.testng.reporters.JUnitReportReporter -->
<testsuite skipped="0" hostname="L-OLIVERC" name="TestNG.NewTest" tests="1" failures="0" timestamp="05 Sep 2018 20:46:45 GMT" time="12.778" errors="0">
  <testcase name="f" time="12.778" classname="TestNG.NewTest"/>
</testsuite> <!-- TestNG.NewTest -->
