<?xml version="1.0" encoding="UTF-8"?>
<!-- Generated by org.testng.reporters.JUnitReportReporter -->
<testsuite skipped="0" hostname="L-OLIVERC" name="firstPackage.NewTest" tests="1" failures="0" timestamp="05 Sep 2018 19:25:12 GMT" time="10.084" errors="0">
  <testcase name="f" time="10.084" classname="firstPackage.NewTest"/>
</testsuite> <!-- firstPackage.NewTest -->
