<?xml version="1.0" encoding="UTF-8"?>
<!-- Generated by org.testng.reporters.JUnitReportReporter -->
<testsuite skipped="0" hostname="L-OLIVERC" name="TestNG.SearchAmazon" tests="1" failures="0" timestamp="05 Sep 2018 20:46:45 GMT" time="35.615" errors="0">
  <testcase name="f" time="35.615" classname="TestNG.SearchAmazon"/>
</testsuite> <!-- TestNG.SearchAmazon -->
